<?xml version="1.0" encoding="UTF-8"?>
<!-- Generated by org.testng.reporters.JUnitReportReporter -->
<testsuite skipped="0" hostname="DESKTOP-251FP7H" name="Shiva.Demo1" tests="1" failures="0" timestamp="04 Oct 2017 09:19:39 GMT" time="0.000" errors="0">
  <testcase name="testA" time="0.000" classname="Shiva.Demo1"/>
</testsuite> <!-- Shiva.Demo1 -->
