<?xml version="1.0" encoding="UTF-8"?>
<!-- Generated by org.testng.reporters.JUnitReportReporter -->
<testsuite skipped="0" hostname="DESKTOP-251FP7H" name="Shiva.DemoC" tests="2" failures="0" timestamp="04 Oct 2017 09:33:21 GMT" time="0.016" errors="0">
  <testcase name="registeruser" time="0.016" classname="Shiva.DemoC"/>
  <testcase name="deleteuser" time="0.000" classname="Shiva.DemoC"/>
</testsuite> <!-- Shiva.DemoC -->
