<?xml version="1.0" encoding="UTF-8"?>
<!-- Generated by org.testng.reporters.JUnitReportReporter -->
<testsuite skipped="0" hostname="DESKTOP-251FP7H" name="Shiva.Demo2" tests="1" failures="0" timestamp="04 Oct 2017 09:19:39 GMT" time="0.016" errors="0">
  <testcase name="testB" time="0.016" classname="Shiva.Demo2"/>
</testsuite> <!-- Shiva.Demo2 -->
